<?xml version="1.0" encoding="UTF-8"?>
<testng-results skipped="0" failed="0" ignored="0" total="2" passed="2">
  <reporter-output>
  </reporter-output>
  <suite name="Default suite" duration-ms="37571" started-at="2020-07-22T15:26:37Z" finished-at="2020-07-22T15:27:14Z">
    <groups>
    </groups>
    <test name="Default test" duration-ms="37571" started-at="2020-07-22T15:26:37Z" finished-at="2020-07-22T15:27:14Z">
      <class name="testCases.setuTest">
        <test-method status="PASS" signature="setUpPage()[pri:0, instance:testCases.setuTest@9353778]" name="setUpPage" is-config="true" duration-ms="15" started-at="2020-07-22T15:26:37Z" finished-at="2020-07-22T15:26:37Z">
          <reporter-output>
          </reporter-output>
        </test-method> <!-- setUpPage -->
        <test-method status="PASS" signature="setUpAppium()[pri:0, instance:testCases.setuTest@9353778]" name="setUpAppium" is-config="true" duration-ms="2988" started-at="2020-07-22T15:26:37Z" finished-at="2020-07-22T15:26:40Z">
          <reporter-output>
          </reporter-output>
        </test-method> <!-- setUpAppium -->
        <test-method status="PASS" signature="login()[pri:1, instance:testCases.setuTest@9353778]" name="login" duration-ms="6085" started-at="2020-07-22T15:26:40Z" finished-at="2020-07-22T15:26:46Z">
          <reporter-output>
          </reporter-output>
        </test-method> <!-- login -->
        <test-method status="PASS" signature="afterMethod(org.testng.ITestResult)[pri:0, instance:testCases.setuTest@9353778]" name="afterMethod" is-config="true" duration-ms="1" started-at="2020-07-22T15:26:47Z" finished-at="2020-07-22T15:26:47Z">
          <params>
            <param index="0">
              <value>
                <![CDATA[[TestResult name=login status=SUCCESS method=setuTest.login()[pri:1, instance:testCases.setuTest@9353778] output={null}]]]>
              </value>
            </param>
          </params>
          <reporter-output>
          </reporter-output>
        </test-method> <!-- afterMethod -->
        <test-method status="PASS" signature="testCaseOne()[pri:2, instance:testCases.setuTest@9353778]" name="testCaseOne" duration-ms="27169" started-at="2020-07-22T15:26:47Z" finished-at="2020-07-22T15:27:14Z">
          <reporter-output>
          </reporter-output>
        </test-method> <!-- testCaseOne -->
        <test-method status="PASS" signature="afterMethod(org.testng.ITestResult)[pri:0, instance:testCases.setuTest@9353778]" name="afterMethod" is-config="true" duration-ms="1" started-at="2020-07-22T15:27:14Z" finished-at="2020-07-22T15:27:14Z">
          <params>
            <param index="0">
              <value>
                <![CDATA[[TestResult name=testCaseOne status=SUCCESS method=setuTest.testCaseOne()[pri:2, instance:testCases.setuTest@9353778] output={null}]]]>
              </value>
            </param>
          </params>
          <reporter-output>
          </reporter-output>
        </test-method> <!-- afterMethod -->
        <test-method status="PASS" signature="afterClass()[pri:0, instance:testCases.setuTest@9353778]" name="afterClass" is-config="true" duration-ms="0" started-at="2020-07-22T15:27:14Z" finished-at="2020-07-22T15:27:14Z">
          <reporter-output>
          </reporter-output>
        </test-method> <!-- afterClass -->
        <test-method status="PASS" signature="tearDown()[pri:0, instance:testCases.setuTest@9353778]" name="tearDown" is-config="true" duration-ms="197" started-at="2020-07-22T15:27:15Z" finished-at="2020-07-22T15:27:15Z">
          <reporter-output>
          </reporter-output>
        </test-method> <!-- tearDown -->
      </class> <!-- testCases.setuTest -->
    </test> <!-- Default test -->
  </suite> <!-- Default suite -->
</testng-results>
